<?xml version="1.0" encoding="UTF-8"?>
<testsuite xmlns:xsi="http://www.w3.org/2001/XMLSchema-instance" xsi:noNamespaceSchemaLocation="https://maven.apache.org/surefire/maven-surefire-plugin/xsd/surefire-test-report-3.0.xsd" version="3.0" name="com.emily.mall.gateway.GatewayServiceApplicationTests" time="33.604" tests="1" errors="0" skipped="0" failures="0">
  <properties>
[...]
</properties>
  <testcase name="contextLoads" classname="com.emily.mall.gateway.GatewayServiceApplicationTests" time="0.063">
    <system-out><![CDATA[00:12:25.837 [main] DEBUG org.springframework.test.context.BootstrapUtils - Instantiating CacheAwareContextLoaderDelegate from class [org.springframework.test.context.cache.DefaultCacheAwareContextLoaderDelegate]
00:12:25.840 [main] DEBUG org.springframework.test.context.BootstrapUtils - Instantiating BootstrapContext using constructor [public org.springframework.test.context.support.DefaultBootstrapContext(java.lang.Class,org.springframework.test.context.CacheAwareContextLoaderDelegate)]
00:12:25.852 [main] DEBUG org.springframework.test.context.BootstrapUtils - Instantiating TestContextBootstrapper for test class [com.emily.mall.gateway.GatewayServiceApplicationTests] from class [org.springframework.boot.test.context.SpringBootTestContextBootstrapper]
00:12:25.858 [main] INFO org.springframework.boot.test.context.SpringBootTestContextBootstrapper - Neither @ContextConfiguration nor @ContextHierarchy found for test class [com.emily.mall.gateway.GatewayServiceApplicationTests], using SpringBootContextLoader
00:12:25.859 [main] DEBUG org.springframework.test.context.support.AbstractContextLoader - Did not detect default resource location for test class [com.emily.mall.gateway.GatewayServiceApplicationTests]: class path resource [com/emily/mall/gateway/GatewayServiceApplicationTests-context.xml] does not exist
00:12:25.859 [main] DEBUG org.springframework.test.context.support.AbstractContextLoader - Did not detect default resource location for test class [com.emily.mall.gateway.GatewayServiceApplicationTests]: class path resource [com/emily/mall/gateway/GatewayServiceApplicationTestsContext.groovy] does not exist
00:12:25.859 [main] INFO org.springframework.test.context.support.AbstractContextLoader - Could not detect default resource locations for test class [com.emily.mall.gateway.GatewayServiceApplicationTests]: no resource found for suffixes {-context.xml, Context.groovy}.
00:12:25.876 [main] DEBUG org.springframework.test.context.support.ActiveProfilesUtils - Could not find an 'annotation declaring class' for annotation type [org.springframework.test.context.ActiveProfiles] and class [com.emily.mall.gateway.GatewayServiceApplicationTests]
00:12:25.989 [main] DEBUG org.springframework.boot.test.context.SpringBootTestContextBootstrapper - @TestExecutionListeners is not present for class [com.emily.mall.gateway.GatewayServiceApplicationTests]: using defaults.
00:12:25.989 [main] INFO org.springframework.boot.test.context.SpringBootTestContextBootstrapper - Loaded default TestExecutionListener class names from location [META-INF/spring.factories]: [org.springframework.boot.test.mock.mockito.MockitoTestExecutionListener, org.springframework.boot.test.mock.mockito.ResetMocksTestExecutionListener, org.springframework.boot.test.autoconfigure.restdocs.RestDocsTestExecutionListener, org.springframework.boot.test.autoconfigure.web.client.MockRestServiceServerResetTestExecutionListener, org.springframework.boot.test.autoconfigure.web.servlet.MockMvcPrintOnlyOnFailureTestExecutionListener, org.springframework.boot.test.autoconfigure.web.servlet.WebDriverTestExecutionListener, org.springframework.boot.test.autoconfigure.webservices.client.MockWebServiceServerTestExecutionListener, org.springframework.test.context.web.ServletTestExecutionListener, org.springframework.test.context.support.DirtiesContextBeforeModesTestExecutionListener, org.springframework.test.context.event.ApplicationEventsTestExecutionListener, org.springframework.test.context.support.DependencyInjectionTestExecutionListener, org.springframework.test.context.support.DirtiesContextTestExecutionListener, org.springframework.test.context.transaction.TransactionalTestExecutionListener, org.springframework.test.context.jdbc.SqlScriptsTestExecutionListener, org.springframework.test.context.event.EventPublishingTestExecutionListener]
00:12:25.998 [main] DEBUG org.springframework.boot.test.context.SpringBootTestContextBootstrapper - Skipping candidate TestExecutionListener [org.springframework.test.context.web.ServletTestExecutionListener] due to a missing dependency. Specify custom listener classes or make the default listener classes and their required dependencies available. Offending class: [javax/servlet/ServletContext]
00:12:26.000 [main] DEBUG org.springframework.boot.test.context.SpringBootTestContextBootstrapper - Skipping candidate TestExecutionListener [org.springframework.test.context.transaction.TransactionalTestExecutionListener] due to a missing dependency. Specify custom listener classes or make the default listener classes and their required dependencies available. Offending class: [org/springframework/transaction/TransactionDefinition]
00:12:26.001 [main] DEBUG org.springframework.boot.test.context.SpringBootTestContextBootstrapper - Skipping candidate TestExecutionListener [org.springframework.test.context.jdbc.SqlScriptsTestExecutionListener] due to a missing dependency. Specify custom listener classes or make the default listener classes and their required dependencies available. Offending class: [org/springframework/transaction/interceptor/TransactionAttribute]
00:12:26.001 [main] INFO org.springframework.boot.test.context.SpringBootTestContextBootstrapper - Using TestExecutionListeners: [org.springframework.test.context.support.DirtiesContextBeforeModesTestExecutionListener@58be6e8, org.springframework.test.context.event.ApplicationEventsTestExecutionListener@7331196b, org.springframework.boot.test.mock.mockito.MockitoTestExecutionListener@3f9342d4, org.springframework.boot.test.autoconfigure.SpringBootDependencyInjectionTestExecutionListener@ab7395e, org.springframework.test.context.support.DirtiesContextTestExecutionListener@50d13246, org.springframework.test.context.event.EventPublishingTestExecutionListener@2bd08376, org.springframework.boot.test.mock.mockito.ResetMocksTestExecutionListener@e70f13a, org.springframework.boot.test.autoconfigure.restdocs.RestDocsTestExecutionListener@3d3e5463, org.springframework.boot.test.autoconfigure.web.client.MockRestServiceServerResetTestExecutionListener@64a40280, org.springframework.boot.test.autoconfigure.web.servlet.MockMvcPrintOnlyOnFailureTestExecutionListener@4b40f651, org.springframework.boot.test.autoconfigure.web.servlet.WebDriverTestExecutionListener@42b02722, org.springframework.boot.test.autoconfigure.webservices.client.MockWebServiceServerTestExecutionListener@d62fe5b]
00:12:26.003 [main] DEBUG org.springframework.test.context.support.AbstractDirtiesContextTestExecutionListener - Before test class: context [DefaultTestContext@5bf8fa12 testClass = GatewayServiceApplicationTests, testInstance = [null], testMethod = [null], testException = [null], mergedContextConfiguration = [ReactiveWebMergedContextConfiguration@29ca3d04 testClass = GatewayServiceApplicationTests, locations = '{}', classes = '{class com.emily.mall.gateway.GatewayServiceApplication}', contextInitializerClasses = '[]', activeProfiles = '{}', propertySourceLocations = '{}', propertySourceProperties = '{org.springframework.boot.test.context.SpringBootTestContextBootstrapper=true}', contextCustomizers = set[org.springframework.boot.test.context.filter.ExcludeFilterContextCustomizer@221a3fa4, org.springframework.boot.test.json.DuplicateJsonObjectContextCustomizerFactory$DuplicateJsonObjectContextCustomizer@8462f31, org.springframework.boot.test.mock.mockito.MockitoContextCustomizer@0, org.springframework.boot.test.web.client.TestRestTemplateContextCustomizer@7ae0a9ec, org.springframework.boot.test.web.reactive.server.WebTestClientContextCustomizer@2a693f59, org.springframework.boot.test.autoconfigure.actuate.metrics.MetricsExportContextCustomizerFactory$DisableMetricExportContextCustomizer@28dcca0c, org.springframework.boot.test.autoconfigure.properties.PropertyMappingContextCustomizer@0, org.springframework.boot.test.autoconfigure.web.servlet.WebDriverContextCustomizerFactory$Customizer@43f02ef2, org.springframework.boot.test.context.SpringBootTestArgs@1, org.springframework.boot.test.context.SpringBootTestWebEnvironment@76329302], contextLoader = 'org.springframework.boot.test.context.SpringBootContextLoader', parent = [null]], attributes = map[[empty]]], class annotated with @DirtiesContext [false] with mode [null].
00:12:26.041 [main] DEBUG org.springframework.test.context.support.DependencyInjectionTestExecutionListener - Performing dependency injection for test context [[DefaultTestContext@5bf8fa12 testClass = GatewayServiceApplicationTests, testInstance = com.emily.mall.gateway.GatewayServiceApplicationTests@386f0da3, testMethod = [null], testException = [null], mergedContextConfiguration = [ReactiveWebMergedContextConfiguration@29ca3d04 testClass = GatewayServiceApplicationTests, locations = '{}', classes = '{class com.emily.mall.gateway.GatewayServiceApplication}', contextInitializerClasses = '[]', activeProfiles = '{}', propertySourceLocations = '{}', propertySourceProperties = '{org.springframework.boot.test.context.SpringBootTestContextBootstrapper=true}', contextCustomizers = set[org.springframework.boot.test.context.filter.ExcludeFilterContextCustomizer@221a3fa4, org.springframework.boot.test.json.DuplicateJsonObjectContextCustomizerFactory$DuplicateJsonObjectContextCustomizer@8462f31, org.springframework.boot.test.mock.mockito.MockitoContextCustomizer@0, org.springframework.boot.test.web.client.TestRestTemplateContextCustomizer@7ae0a9ec, org.springframework.boot.test.web.reactive.server.WebTestClientContextCustomizer@2a693f59, org.springframework.boot.test.autoconfigure.actuate.metrics.MetricsExportContextCustomizerFactory$DisableMetricExportContextCustomizer@28dcca0c, org.springframework.boot.test.autoconfigure.properties.PropertyMappingContextCustomizer@0, org.springframework.boot.test.autoconfigure.web.servlet.WebDriverContextCustomizerFactory$Customizer@43f02ef2, org.springframework.boot.test.context.SpringBootTestArgs@1, org.springframework.boot.test.context.SpringBootTestWebEnvironment@76329302], contextLoader = 'org.springframework.boot.test.context.SpringBootContextLoader', parent = [null]], attributes = map['org.springframework.test.context.event.ApplicationEventsTestExecutionListener.recordApplicationEvents' -> false]]].
&amp#27;[2m2025-12-17 00:12:27.187&amp#27;[0;39m &amp#27;[32m INFO&amp#27;[0;39m &amp#27;[35m37818&amp#27;[0;39m &amp#27;[2m---&amp#27;[0;39m &amp#27;[2m[           main]&amp#27;[0;39m &amp#27;[36mc.a.n.client.env.SearchableProperties   &amp#27;[0;39m &amp#27;[2m:&amp#27;[0;39m properties search order:PROPERTIES->JVM->ENV->DEFAULT_SETTING
&amp#27;[2m2025-12-17 00:12:27.351&amp#27;[0;39m &amp#27;[32m INFO&amp#27;[0;39m &amp#27;[35m37818&amp#27;[0;39m &amp#27;[2m---&amp#27;[0;39m &amp#27;[2m[           main]&amp#27;[0;39m &amp#27;[36mc.a.n.p.a.s.c.ClientAuthPluginManager   &amp#27;[0;39m &amp#27;[2m:&amp#27;[0;39m [ClientAuthPluginManager] Load ClientAuthService com.alibaba.nacos.client.auth.impl.NacosClientAuthServiceImpl success.
&amp#27;[2m2025-12-17 00:12:27.351&amp#27;[0;39m &amp#27;[32m INFO&amp#27;[0;39m &amp#27;[35m37818&amp#27;[0;39m &amp#27;[2m---&amp#27;[0;39m &amp#27;[2m[           main]&amp#27;[0;39m &amp#27;[36mc.a.n.p.a.s.c.ClientAuthPluginManager   &amp#27;[0;39m &amp#27;[2m:&amp#27;[0;39m [ClientAuthPluginManager] Load ClientAuthService com.alibaba.nacos.client.auth.ram.RamClientAuthServiceImpl success.

  .   ____          _            __ _ _
 /\\ / ___'_ __ _ _(_)_ __  __ _ \ \ \ \
( ( )\___ | '_ | '_| | '_ \/ _` | \ \ \ \
 \\/  ___)| |_)| | | | | || (_| |  ) ) ) )
  '  |____| .__|_| |_|_| |_\__, | / / / /
 =========|_|==============|___/=/_/_/_/
&amp#27;[32m :: Spring Boot :: &amp#27;[39m             &amp#27;[2m (v2.7.18)&amp#27;[0;39m

&amp#27;[2m2025-12-17 00:12:29.306&amp#27;[0;39m &amp#27;[33m WARN&amp#27;[0;39m &amp#27;[35m37818&amp#27;[0;39m &amp#27;[2m---&amp#27;[0;39m &amp#27;[2m[           main]&amp#27;[0;39m &amp#27;[36mc.a.c.n.c.NacosPropertySourceBuilder    &amp#27;[0;39m &amp#27;[2m:&amp#27;[0;39m Ignore the empty nacos configuration and get it based on dataId[gateway-service] & group[DEFAULT_GROUP]
&amp#27;[2m2025-12-17 00:12:29.616&amp#27;[0;39m &amp#27;[33m WARN&amp#27;[0;39m &amp#27;[35m37818&amp#27;[0;39m &amp#27;[2m---&amp#27;[0;39m &amp#27;[2m[           main]&amp#27;[0;39m &amp#27;[36mc.a.c.n.c.NacosPropertySourceBuilder    &amp#27;[0;39m &amp#27;[2m:&amp#27;[0;39m Ignore the empty nacos configuration and get it based on dataId[gateway-service.properties] & group[DEFAULT_GROUP]
&amp#27;[2m2025-12-17 00:12:29.618&amp#27;[0;39m &amp#27;[32m INFO&amp#27;[0;39m &amp#27;[35m37818&amp#27;[0;39m &amp#27;[2m---&amp#27;[0;39m &amp#27;[2m[           main]&amp#27;[0;39m &amp#27;[36mb.c.PropertySourceBootstrapConfiguration&amp#27;[0;39m &amp#27;[2m:&amp#27;[0;39m Located property source: [BootstrapPropertySource {name='bootstrapProperties-gateway-service.properties,DEFAULT_GROUP'}, BootstrapPropertySource {name='bootstrapProperties-gateway-service,DEFAULT_GROUP'}]
&amp#27;[2m2025-12-17 00:12:29.640&amp#27;[0;39m &amp#27;[32m INFO&amp#27;[0;39m &amp#27;[35m37818&amp#27;[0;39m &amp#27;[2m---&amp#27;[0;39m &amp#27;[2m[           main]&amp#27;[0;39m &amp#27;[36mc.e.m.g.GatewayServiceApplicationTests  &amp#27;[0;39m &amp#27;[2m:&amp#27;[0;39m No active profile set, falling back to 1 default profile: "default"
&amp#27;[2m2025-12-17 00:12:29.642&amp#27;[0;39m &amp#27;[33m WARN&amp#27;[0;39m &amp#27;[35m37818&amp#27;[0;39m &amp#27;[2m---&amp#27;[0;39m &amp#27;[2m[           main]&amp#27;[0;39m &amp#27;[36mc.a.c.n.c.NacosConfigDataLoader         &amp#27;[0;39m &amp#27;[2m:&amp#27;[0;39m [Nacos Config] config[dataId=gateway-service.yaml, group=DEFAULT_GROUP] is empty
&amp#27;[2m2025-12-17 00:12:29.834&amp#27;[0;39m &amp#27;[32m INFO&amp#27;[0;39m &amp#27;[35m37818&amp#27;[0;39m &amp#27;[2m---&amp#27;[0;39m &amp#27;[2m[           main]&amp#27;[0;39m &amp#27;[36mo.s.cloud.context.scope.GenericScope    &amp#27;[0;39m &amp#27;[2m:&amp#27;[0;39m BeanFactory id=bcc5c7d5-c39d-3a1a-8717-67bf86f04c3e
&amp#27;[2m2025-12-17 00:12:29.867&amp#27;[0;39m &amp#27;[32m INFO&amp#27;[0;39m &amp#27;[35m37818&amp#27;[0;39m &amp#27;[2m---&amp#27;[0;39m &amp#27;[2m[           main]&amp#27;[0;39m &amp#27;[36mtrationDelegate$BeanPostProcessorChecker&amp#27;[0;39m &amp#27;[2m:&amp#27;[0;39m Bean 'org.springframework.cloud.client.loadbalancer.reactive.LoadBalancerBeanPostProcessorAutoConfiguration' of type [org.springframework.cloud.client.loadbalancer.reactive.LoadBalancerBeanPostProcessorAutoConfiguration] is not eligible for getting processed by all BeanPostProcessors (for example: not eligible for auto-proxying)
&amp#27;[2m2025-12-17 00:12:29.868&amp#27;[0;39m &amp#27;[32m INFO&amp#27;[0;39m &amp#27;[35m37818&amp#27;[0;39m &amp#27;[2m---&amp#27;[0;39m &amp#27;[2m[           main]&amp#27;[0;39m &amp#27;[36mtrationDelegate$BeanPostProcessorChecker&amp#27;[0;39m &amp#27;[2m:&amp#27;[0;39m Bean 'org.springframework.cloud.client.loadbalancer.reactive.LoadBalancerBeanPostProcessorAutoConfiguration$ReactorDeferringLoadBalancerFilterConfig' of type [org.springframework.cloud.client.loadbalancer.reactive.LoadBalancerBeanPostProcessorAutoConfiguration$ReactorDeferringLoadBalancerFilterConfig] is not eligible for getting processed by all BeanPostProcessors (for example: not eligible for auto-proxying)
&amp#27;[2m2025-12-17 00:12:29.869&amp#27;[0;39m &amp#27;[32m INFO&amp#27;[0;39m &amp#27;[35m37818&amp#27;[0;39m &amp#27;[2m---&amp#27;[0;39m &amp#27;[2m[           main]&amp#27;[0;39m &amp#27;[36mtrationDelegate$BeanPostProcessorChecker&amp#27;[0;39m &amp#27;[2m:&amp#27;[0;39m Bean 'reactorDeferringLoadBalancerExchangeFilterFunction' of type [org.springframework.cloud.client.loadbalancer.reactive.DeferringLoadBalancerExchangeFilterFunction] is not eligible for getting processed by all BeanPostProcessors (for example: not eligible for auto-proxying)
&amp#27;[2m2025-12-17 00:12:29.872&amp#27;[0;39m &amp#27;[32m INFO&amp#27;[0;39m &amp#27;[35m37818&amp#27;[0;39m &amp#27;[2m---&amp#27;[0;39m &amp#27;[2m[           main]&amp#27;[0;39m &amp#27;[36mf.a.AutowiredAnnotationBeanPostProcessor&amp#27;[0;39m &amp#27;[2m:&amp#27;[0;39m Autowired annotation is not supported on static fields: private static long com.emily.mall.common.jwtUtils.jwtUtils.EXPIRATION
&amp#27;[2m2025-12-17 00:12:30.970&amp#27;[0;39m &amp#27;[32m INFO&amp#27;[0;39m &amp#27;[35m37818&amp#27;[0;39m &amp#27;[2m---&amp#27;[0;39m &amp#27;[2m[           main]&amp#27;[0;39m &amp#27;[36mo.s.cloud.commons.util.InetUtils        &amp#27;[0;39m &amp#27;[2m:&amp#27;[0;39m Cannot determine local hostname
&amp#27;[2m2025-12-17 00:12:58.895&amp#27;[0;39m &amp#27;[32m INFO&amp#27;[0;39m &amp#27;[35m37818&amp#27;[0;39m &amp#27;[2m---&amp#27;[0;39m &amp#27;[2m[           main]&amp#27;[0;39m &amp#27;[36mo.s.cloud.commons.util.InetUtils        &amp#27;[0;39m &amp#27;[2m:&amp#27;[0;39m Cannot determine local hostname
&amp#27;[2m2025-12-17 00:12:59.117&amp#27;[0;39m &amp#27;[32m INFO&amp#27;[0;39m &amp#27;[35m37818&amp#27;[0;39m &amp#27;[2m---&amp#27;[0;39m &amp#27;[2m[           main]&amp#27;[0;39m &amp#27;[36mo.s.c.g.r.RouteDefinitionRouteLocator   &amp#27;[0;39m &amp#27;[2m:&amp#27;[0;39m Loaded RoutePredicateFactory [After]
&amp#27;[2m2025-12-17 00:12:59.117&amp#27;[0;39m &amp#27;[32m INFO&amp#27;[0;39m &amp#27;[35m37818&amp#27;[0;39m &amp#27;[2m---&amp#27;[0;39m &amp#27;[2m[           main]&amp#27;[0;39m &amp#27;[36mo.s.c.g.r.RouteDefinitionRouteLocator   &amp#27;[0;39m &amp#27;[2m:&amp#27;[0;39m Loaded RoutePredicateFactory [Before]
&amp#27;[2m2025-12-17 00:12:59.117&amp#27;[0;39m &amp#27;[32m INFO&amp#27;[0;39m &amp#27;[35m37818&amp#27;[0;39m &amp#27;[2m---&amp#27;[0;39m &amp#27;[2m[           main]&amp#27;[0;39m &amp#27;[36mo.s.c.g.r.RouteDefinitionRouteLocator   &amp#27;[0;39m &amp#27;[2m:&amp#27;[0;39m Loaded RoutePredicateFactory [Between]
&amp#27;[2m2025-12-17 00:12:59.117&amp#27;[0;39m &amp#27;[32m INFO&amp#27;[0;39m &amp#27;[35m37818&amp#27;[0;39m &amp#27;[2m---&amp#27;[0;39m &amp#27;[2m[           main]&amp#27;[0;39m &amp#27;[36mo.s.c.g.r.RouteDefinitionRouteLocator   &amp#27;[0;39m &amp#27;[2m:&amp#27;[0;39m Loaded RoutePredicateFactory [Cookie]
&amp#27;[2m2025-12-17 00:12:59.117&amp#27;[0;39m &amp#27;[32m INFO&amp#27;[0;39m &amp#27;[35m37818&amp#27;[0;39m &amp#27;[2m---&amp#27;[0;39m &amp#27;[2m[           main]&amp#27;[0;39m &amp#27;[36mo.s.c.g.r.RouteDefinitionRouteLocator   &amp#27;[0;39m &amp#27;[2m:&amp#27;[0;39m Loaded RoutePredicateFactory [Header]
&amp#27;[2m2025-12-17 00:12:59.117&amp#27;[0;39m &amp#27;[32m INFO&amp#27;[0;39m &amp#27;[35m37818&amp#27;[0;39m &amp#27;[2m---&amp#27;[0;39m &amp#27;[2m[           main]&amp#27;[0;39m &amp#27;[36mo.s.c.g.r.RouteDefinitionRouteLocator   &amp#27;[0;39m &amp#27;[2m:&amp#27;[0;39m Loaded RoutePredicateFactory [Host]
&amp#27;[2m2025-12-17 00:12:59.117&amp#27;[0;39m &amp#27;[32m INFO&amp#27;[0;39m &amp#27;[35m37818&amp#27;[0;39m &amp#27;[2m---&amp#27;[0;39m &amp#27;[2m[           main]&amp#27;[0;39m &amp#27;[36mo.s.c.g.r.RouteDefinitionRouteLocator   &amp#27;[0;39m &amp#27;[2m:&amp#27;[0;39m Loaded RoutePredicateFactory [Method]
&amp#27;[2m2025-12-17 00:12:59.117&amp#27;[0;39m &amp#27;[32m INFO&amp#27;[0;39m &amp#27;[35m37818&amp#27;[0;39m &amp#27;[2m---&amp#27;[0;39m &amp#27;[2m[           main]&amp#27;[0;39m &amp#27;[36mo.s.c.g.r.RouteDefinitionRouteLocator   &amp#27;[0;39m &amp#27;[2m:&amp#27;[0;39m Loaded RoutePredicateFactory [Path]
&amp#27;[2m2025-12-17 00:12:59.117&amp#27;[0;39m &amp#27;[32m INFO&amp#27;[0;39m &amp#27;[35m37818&amp#27;[0;39m &amp#27;[2m---&amp#27;[0;39m &amp#27;[2m[           main]&amp#27;[0;39m &amp#27;[36mo.s.c.g.r.RouteDefinitionRouteLocator   &amp#27;[0;39m &amp#27;[2m:&amp#27;[0;39m Loaded RoutePredicateFactory [Query]
&amp#27;[2m2025-12-17 00:12:59.117&amp#27;[0;39m &amp#27;[32m INFO&amp#27;[0;39m &amp#27;[35m37818&amp#27;[0;39m &amp#27;[2m---&amp#27;[0;39m &amp#27;[2m[           main]&amp#27;[0;39m &amp#27;[36mo.s.c.g.r.RouteDefinitionRouteLocator   &amp#27;[0;39m &amp#27;[2m:&amp#27;[0;39m Loaded RoutePredicateFactory [ReadBody]
&amp#27;[2m2025-12-17 00:12:59.118&amp#27;[0;39m &amp#27;[32m INFO&amp#27;[0;39m &amp#27;[35m37818&amp#27;[0;39m &amp#27;[2m---&amp#27;[0;39m &amp#27;[2m[           main]&amp#27;[0;39m &amp#27;[36mo.s.c.g.r.RouteDefinitionRouteLocator   &amp#27;[0;39m &amp#27;[2m:&amp#27;[0;39m Loaded RoutePredicateFactory [RemoteAddr]
&amp#27;[2m2025-12-17 00:12:59.118&amp#27;[0;39m &amp#27;[32m INFO&amp#27;[0;39m &amp#27;[35m37818&amp#27;[0;39m &amp#27;[2m---&amp#27;[0;39m &amp#27;[2m[           main]&amp#27;[0;39m &amp#27;[36mo.s.c.g.r.RouteDefinitionRouteLocator   &amp#27;[0;39m &amp#27;[2m:&amp#27;[0;39m Loaded RoutePredicateFactory [XForwardedRemoteAddr]
&amp#27;[2m2025-12-17 00:12:59.118&amp#27;[0;39m &amp#27;[32m INFO&amp#27;[0;39m &amp#27;[35m37818&amp#27;[0;39m &amp#27;[2m---&amp#27;[0;39m &amp#27;[2m[           main]&amp#27;[0;39m &amp#27;[36mo.s.c.g.r.RouteDefinitionRouteLocator   &amp#27;[0;39m &amp#27;[2m:&amp#27;[0;39m Loaded RoutePredicateFactory [Weight]
&amp#27;[2m2025-12-17 00:12:59.118&amp#27;[0;39m &amp#27;[32m INFO&amp#27;[0;39m &amp#27;[35m37818&amp#27;[0;39m &amp#27;[2m---&amp#27;[0;39m &amp#27;[2m[           main]&amp#27;[0;39m &amp#27;[36mo.s.c.g.r.RouteDefinitionRouteLocator   &amp#27;[0;39m &amp#27;[2m:&amp#27;[0;39m Loaded RoutePredicateFactory [CloudFoundryRouteService]
&amp#27;[2m2025-12-17 00:12:59.202&amp#27;[0;39m &amp#27;[32m INFO&amp#27;[0;39m &amp#27;[35m37818&amp#27;[0;39m &amp#27;[2m---&amp#27;[0;39m &amp#27;[2m[           main]&amp#27;[0;39m &amp#27;[36mctiveUserDetailsServiceAutoConfiguration&amp#27;[0;39m &amp#27;[2m:&amp#27;[0;39m 

Using generated security password: a0120d60-a9a1-4eaf-8a72-94622f0ae15b

&amp#27;[2m2025-12-17 00:12:59.269&amp#27;[0;39m &amp#27;[33m WARN&amp#27;[0;39m &amp#27;[35m37818&amp#27;[0;39m &amp#27;[2m---&amp#27;[0;39m &amp#27;[2m[           main]&amp#27;[0;39m &amp#27;[36miguration$LoadBalancerCaffeineWarnLogger&amp#27;[0;39m &amp#27;[2m:&amp#27;[0;39m Spring Cloud LoadBalancer is currently working with the default cache. While this cache implementation is useful for development and tests, it's recommended to use Caffeine cache in production.You can switch to using Caffeine cache, by adding it and org.springframework.cache.caffeine.CaffeineCacheManager to the classpath.
&amp#27;[2m2025-12-17 00:12:59.302&amp#27;[0;39m &amp#27;[32m INFO&amp#27;[0;39m &amp#27;[35m37818&amp#27;[0;39m &amp#27;[2m---&amp#27;[0;39m &amp#27;[2m[           main]&amp#27;[0;39m &amp#27;[36mc.e.m.g.GatewayServiceApplicationTests  &amp#27;[0;39m &amp#27;[2m:&amp#27;[0;39m Started GatewayServiceApplicationTests in 33.243 seconds (JVM running for 33.757)
&amp#27;[2m2025-12-17 00:12:59.306&amp#27;[0;39m &amp#27;[32m INFO&amp#27;[0;39m &amp#27;[35m37818&amp#27;[0;39m &amp#27;[2m---&amp#27;[0;39m &amp#27;[2m[           main]&amp#27;[0;39m &amp#27;[36mc.a.c.n.refresh.NacosContextRefresher   &amp#27;[0;39m &amp#27;[2m:&amp#27;[0;39m [Nacos Config] Listening config: dataId=gateway-service.properties, group=DEFAULT_GROUP
&amp#27;[2m2025-12-17 00:12:59.306&amp#27;[0;39m &amp#27;[32m INFO&amp#27;[0;39m &amp#27;[35m37818&amp#27;[0;39m &amp#27;[2m---&amp#27;[0;39m &amp#27;[2m[           main]&amp#27;[0;39m &amp#27;[36mc.a.c.n.refresh.NacosContextRefresher   &amp#27;[0;39m &amp#27;[2m:&amp#27;[0;39m [Nacos Config] Listening config: dataId=gateway-service, group=DEFAULT_GROUP
&amp#27;[2m2025-12-17 00:12:59.306&amp#27;[0;39m &amp#27;[32m INFO&amp#27;[0;39m &amp#27;[35m37818&amp#27;[0;39m &amp#27;[2m---&amp#27;[0;39m &amp#27;[2m[           main]&amp#27;[0;39m &amp#27;[36mc.a.c.n.refresh.NacosContextRefresher   &amp#27;[0;39m &amp#27;[2m:&amp#27;[0;39m [Nacos Config] Listening config: dataId=gateway-service.yaml, group=DEFAULT_GROUP
]]></system-out>
  </testcase>
</testsuite>